<?xml version="1.0" encoding="UTF-8"?>
<!-- Generated by org.testng.reporters.JUnitReportReporter -->
<testsuite hostname="Ali" name="com.automation.test.learn.NewTest" tests="1" failures="0" timestamp="9 May 2020 19:17:24 GMT" time="4.730" errors="0">
  <testcase name="testEasy" time="4.730" classname="com.automation.test.learn.NewTest"/>
</testsuite> <!-- com.automation.test.learn.NewTest -->
